<?xml version="1.0" encoding="UTF-8"?>
<testsuite xmlns:xsi="http://www.w3.org/2001/XMLSchema-instance" xsi:noNamespaceSchemaLocation="https://maven.apache.org/surefire/maven-surefire-plugin/xsd/surefire-test-report.xsd" name="com.paul.tennis.TennisTest" time="0.046" tests="2" errors="0" skipped="0" failures="0">
  <properties>
    <property name="java.specification.version" value="14"/>
    <property name="sun.cpu.isalist" value="amd64"/>
    <property name="sun.jnu.encoding" value="Cp1252"/>
    <property name="java.class.path" value="C:\Users\paul.jardel\OneDrive - Accenture\ACCENTURE\[ 02 - ACCENTURE ]\12 - Formation Angular\kata-tennis-paul-java\target\test-classes;C:\Users\paul.jardel\OneDrive - Accenture\ACCENTURE\[ 02 - ACCENTURE ]\12 - Formation Angular\kata-tennis-paul-java\target\classes;C:\Users\paul.jardel\.m2\repository\org\junit\jupiter\junit-jupiter\5.6.2\junit-jupiter-5.6.2.jar;C:\Users\paul.jardel\.m2\repository\org\junit\jupiter\junit-jupiter-api\5.6.2\junit-jupiter-api-5.6.2.jar;C:\Users\paul.jardel\.m2\repository\org\apiguardian\apiguardian-api\1.1.0\apiguardian-api-1.1.0.jar;C:\Users\paul.jardel\.m2\repository\org\opentest4j\opentest4j\1.2.0\opentest4j-1.2.0.jar;C:\Users\paul.jardel\.m2\repository\org\junit\platform\junit-platform-commons\1.6.2\junit-platform-commons-1.6.2.jar;C:\Users\paul.jardel\.m2\repository\org\junit\jupiter\junit-jupiter-params\5.6.2\junit-jupiter-params-5.6.2.jar;C:\Users\paul.jardel\.m2\repository\org\junit\jupiter\junit-jupiter-engine\5.6.2\junit-jupiter-engine-5.6.2.jar;C:\Users\paul.jardel\.m2\repository\org\junit\platform\junit-platform-engine\1.6.2\junit-platform-engine-1.6.2.jar;"/>
    <property name="java.vm.vendor" value="Oracle Corporation"/>
    <property name="sun.arch.data.model" value="64"/>
    <property name="user.variant" value=""/>
    <property name="java.vendor.url" value="https://java.oracle.com/"/>
    <property name="user.timezone" value="Europe/Paris"/>
    <property name="user.country.format" value="FR"/>
    <property name="os.name" value="Windows 10"/>
    <property name="java.vm.specification.version" value="14"/>
    <property name="sun.java.launcher" value="SUN_STANDARD"/>
    <property name="user.country" value="US"/>
    <property name="sun.boot.library.path" value="C:\Program Files\Java\jdk-14.0.1\bin"/>
    <property name="sun.java.command" value="C:\Users\PAUL~1.JAR\AppData\Local\Temp\surefire7291972685886176439\surefirebooter3827894526311060917.jar C:\Users\paul.jardel\AppData\Local\Temp\surefire7291972685886176439 2020-04-20T15-55-13_393-jvmRun1 surefire18330410757796637289tmp surefire_02355488392676662846tmp"/>
    <property name="jdk.debug" value="release"/>
    <property name="surefire.test.class.path" value="C:\Users\paul.jardel\OneDrive - Accenture\ACCENTURE\[ 02 - ACCENTURE ]\12 - Formation Angular\kata-tennis-paul-java\target\test-classes;C:\Users\paul.jardel\OneDrive - Accenture\ACCENTURE\[ 02 - ACCENTURE ]\12 - Formation Angular\kata-tennis-paul-java\target\classes;C:\Users\paul.jardel\.m2\repository\org\junit\jupiter\junit-jupiter\5.6.2\junit-jupiter-5.6.2.jar;C:\Users\paul.jardel\.m2\repository\org\junit\jupiter\junit-jupiter-api\5.6.2\junit-jupiter-api-5.6.2.jar;C:\Users\paul.jardel\.m2\repository\org\apiguardian\apiguardian-api\1.1.0\apiguardian-api-1.1.0.jar;C:\Users\paul.jardel\.m2\repository\org\opentest4j\opentest4j\1.2.0\opentest4j-1.2.0.jar;C:\Users\paul.jardel\.m2\repository\org\junit\platform\junit-platform-commons\1.6.2\junit-platform-commons-1.6.2.jar;C:\Users\paul.jardel\.m2\repository\org\junit\jupiter\junit-jupiter-params\5.6.2\junit-jupiter-params-5.6.2.jar;C:\Users\paul.jardel\.m2\repository\org\junit\jupiter\junit-jupiter-engine\5.6.2\junit-jupiter-engine-5.6.2.jar;C:\Users\paul.jardel\.m2\repository\org\junit\platform\junit-platform-engine\1.6.2\junit-platform-engine-1.6.2.jar;"/>
    <property name="sun.cpu.endian" value="little"/>
    <property name="user.home" value="C:\Users\paul.jardel"/>
    <property name="user.language" value="en"/>
    <property name="java.specification.vendor" value="Oracle Corporation"/>
    <property name="java.version.date" value="2020-04-14"/>
    <property name="java.home" value="C:\Program Files\Java\jdk-14.0.1"/>
    <property name="file.separator" value="\"/>
    <property name="basedir" value="C:\Users\paul.jardel\OneDrive - Accenture\ACCENTURE\[ 02 - ACCENTURE ]\12 - Formation Angular\kata-tennis-paul-java"/>
    <property name="java.vm.compressedOopsMode" value="Zero based"/>
    <property name="line.separator" value="&#10;"/>
    <property name="java.vm.specification.vendor" value="Oracle Corporation"/>
    <property name="java.specification.name" value="Java Platform API Specification"/>
    <property name="surefire.real.class.path" value="C:\Users\PAUL~1.JAR\AppData\Local\Temp\surefire7291972685886176439\surefirebooter3827894526311060917.jar"/>
    <property name="user.script" value=""/>
    <property name="sun.management.compiler" value="HotSpot 64-Bit Tiered Compilers"/>
    <property name="java.runtime.version" value="14.0.1+7"/>
    <property name="user.name" value="paul.jardel"/>
    <property name="path.separator" value=";"/>
    <property name="os.version" value="10.0"/>
    <property name="java.runtime.name" value="Java(TM) SE Runtime Environment"/>
    <property name="file.encoding" value="Cp1252"/>
    <property name="java.vm.name" value="Java HotSpot(TM) 64-Bit Server VM"/>
    <property name="localRepository" value="C:\Users\paul.jardel\.m2\repository"/>
    <property name="java.vendor.url.bug" value="https://bugreport.java.com/bugreport/"/>
    <property name="java.io.tmpdir" value="C:\Users\PAUL~1.JAR\AppData\Local\Temp\"/>
    <property name="java.version" value="14.0.1"/>
    <property name="user.dir" value="C:\Users\paul.jardel\OneDrive - Accenture\ACCENTURE\[ 02 - ACCENTURE ]\12 - Formation Angular\kata-tennis-paul-java"/>
    <property name="os.arch" value="amd64"/>
    <property name="java.vm.specification.name" value="Java Virtual Machine Specification"/>
    <property name="user.language.format" value="fr"/>
    <property name="sun.os.patch.level" value=""/>
    <property name="java.library.path" value="C:\Program Files\Java\jdk-14.0.1\bin;C:\windows\Sun\Java\bin;C:\windows\system32;C:\windows;C:\Users\paul.jardel\bin;C:\Users\paul.jardel\AppData\Local\Programs\Git\mingw64\bin;C:\Users\paul.jardel\AppData\Local\Programs\Git\usr\local\bin;C:\Users\paul.jardel\AppData\Local\Programs\Git\usr\bin;C:\Users\paul.jardel\AppData\Local\Programs\Git\usr\bin;C:\Users\paul.jardel\AppData\Local\Programs\Git\mingw64\bin;C:\Users\paul.jardel\AppData\Local\Programs\Git\usr\bin;C:\Users\paul.jardel\bin;C:\Program Files (x86)\Common Files\Oracle\Java\javapath;C:\windows\system32;C:\windows;C:\windows\System32\Wbem;C:\windows\System32\WindowsPowerShell\v1.0;C:\windows\System32\OpenSSH;C:\Program Files\nodejs;C:\apache-maven-3.6.3\bin;C:\Users\paul.jardel\AppData\Local\Programs\Python\Python38\Scripts;C:\Users\paul.jardel\AppData\Local\Programs\Python\Python38;C:\Users\paul.jardel\AppData\Local\Microsoft\WindowsApps;C:\Users\paul.jardel\AppData\Roaming\npm;C:\Program Files\JetBrains\IntelliJ IDEA Community Edition 2020.1\bin;C:\Users\paul.jardel\AppData\Local\Programs\Git\cmd;C:\Users\paul.jardel\AppData\Local\Programs\Git\usr\bin\vendor_perl;C:\Users\paul.jardel\AppData\Local\Programs\Git\usr\bin\core_perl;."/>
    <property name="java.vm.info" value="mixed mode, sharing"/>
    <property name="java.vendor" value="Oracle Corporation"/>
    <property name="java.vm.version" value="14.0.1+7"/>
    <property name="sun.io.unicode.encoding" value="UnicodeLittle"/>
    <property name="java.class.version" value="58.0"/>
  </properties>
  <testcase name="testTennisGameStatus" classname="com.paul.tennis.TennisTest" time="0.038"/>
  <testcase name="testScore" classname="com.paul.tennis.TennisTest" time="0.001"/>
</testsuite>